# JRE version: OpenJDK Runtime Environment (11.0.12+7) (build 11.0.12+7-b1504.28-7817840)
# Java VM: OpenJDK 64-Bit Server VM (11.0.12+7-b1504.28-7817840, mixed mode, tiered, compressed oops, g1 gc, windows-amd64)
Heap:
 garbage-first heap   total 260096K, used 153036K [0x0000000080000000, 0x0000000100000000)
  region size 1024K, 128 young (131072K), 14 survivors (14336K)
 Metaspace       used 49168K, capacity 50511K, committed 50812K, reserved 1093632K
  class space    used 6289K, capacity 6794K, committed 6912K, reserved 1048576K
GC Heap History (10 events):
Event: 0.716 GC heap before
{Heap before GC invocations=0 (full 0):
 garbage-first heap   total 260096K, used 29696K [0x0000000080000000, 0x0000000100000000)
  region size 1024K, 24 young (24576K), 0 survivors (0K)
 Metaspace       used 10181K, capacity 10403K, committed 10624K, reserved 1058816K
  class space    used 1064K, capacity 1106K, committed 1152K, reserved 1048576K
}
Event: 0.720 GC heap after
{Heap after GC invocations=1 (full 0):
 garbage-first heap   total 260096K, used 9331K [0x0000000080000000, 0x0000000100000000)
  region size 1024K, 3 young (3072K), 3 survivors (3072K)
 Metaspace       used 10181K, capacity 10403K, committed 10624K, reserved 1058816K
  class space    used 1064K, capacity 1106K, committed 1152K, reserved 1048576K
}
Event: 2.385 GC heap before
{Heap before GC invocations=1 (full 0):
 garbage-first heap   total 260096K, used 109683K [0x0000000080000000, 0x0000000100000000)
  region size 1024K, 102 young (104448K), 3 survivors (3072K)
 Metaspace       used 20672K, capacity 21116K, committed 21296K, reserved 1069056K
  class space    used 2532K, capacity 2660K, committed 2688K, reserved 1048576K
}
Event: 2.394 GC heap after
{Heap after GC invocations=2 (full 0):
 garbage-first heap   total 260096K, used 16851K [0x0000000080000000, 0x0000000100000000)
  region size 1024K, 11 young (11264K), 11 survivors (11264K)
 Metaspace       used 20672K, capacity 21116K, committed 21296K, reserved 1069056K
  class space    used 2532K, capacity 2660K, committed 2688K, reserved 1048576K
}
Event: 3.165 GC heap before
{Heap before GC invocations=3 (full 0):
 garbage-first heap   total 260096K, used 54739K [0x0000000080000000, 0x0000000100000000)
  region size 1024K, 48 young (49152K), 11 survivors (11264K)
 Metaspace       used 24392K, capacity 24980K, committed 25136K, reserved 1071104K
  class space    used 3133K, capacity 3336K, committed 3456K, reserved 1048576K
}
Event: 3.170 GC heap after
{Heap after GC invocations=4 (full 0):
 garbage-first heap   total 260096K, used 18226K [0x0000000080000000, 0x0000000100000000)
  region size 1024K, 2 young (2048K), 2 survivors (2048K)
 Metaspace       used 24392K, capacity 24980K, committed 25136K, reserved 1071104K
  class space    used 3133K, capacity 3336K, committed 3456K, reserved 1048576K
}
Event: 6.466 GC heap before
{Heap before GC invocations=4 (full 0):
 garbage-first heap   total 260096K, used 90930K [0x0000000080000000, 0x0000000100000000)
  region size 1024K, 74 young (75776K), 2 survivors (2048K)
 Metaspace       used 34930K, capacity 35660K, committed 35708K, reserved 1081344K
  class space    used 4543K, capacity 4861K, committed 4864K, reserved 1048576K
}
Event: 6.474 GC heap after
{Heap after GC invocations=5 (full 0):
 garbage-first heap   total 260096K, used 22091K [0x0000000080000000, 0x0000000100000000)
  region size 1024K, 6 young (6144K), 6 survivors (6144K)
 Metaspace       used 34930K, capacity 35660K, committed 35708K, reserved 1081344K
  class space    used 4543K, capacity 4861K, committed 4864K, reserved 1048576K
}
Event: 8.095 GC heap before
{Heap before GC invocations=6 (full 0):
 garbage-first heap   total 260096K, used 137803K [0x0000000080000000, 0x0000000100000000)
  region size 1024K, 116 young (118784K), 6 survivors (6144K)
 Metaspace       used 44135K, capacity 45165K, committed 45436K, reserved 1089536K
  class space    used 5642K, capacity 6033K, committed 6144K, reserved 1048576K
}
Event: 8.104 GC heap after
{Heap after GC invocations=7 (full 0):
 garbage-first heap   total 260096K, used 30156K [0x0000000080000000, 0x0000000100000000)
  region size 1024K, 14 young (14336K), 14 survivors (14336K)
 Metaspace       used 44135K, capacity 45165K, committed 45436K, reserved 1089536K
  class space    used 5642K, capacity 6033K, committed 6144K, reserved 1048576K
}

